<?xml version="1.0" encoding="UTF-8"?>
<testng-results ignored="0" total="1" passed="1" failed="0" skipped="0">
  <reporter-output>
  </reporter-output>
  <suite started-at="2022-05-06T23:13:33 IST" name="Default suite" finished-at="2022-05-06T23:13:34 IST" duration-ms="970">
    <groups>
    </groups>
    <test started-at="2022-05-06T23:13:33 IST" name="Default test" finished-at="2022-05-06T23:13:34 IST" duration-ms="970">
      <class name="Appointment.service.UpdateDoctorUsingEmail">
        <test-method signature="putRequest()[pri:0, instance:Appointment.service.UpdateDoctorUsingEmail@45b9a632]" started-at="2022-05-06T23:13:33 IST" name="putRequest" finished-at="2022-05-06T23:13:34 IST" duration-ms="949" status="PASS">
          <reporter-output>
          </reporter-output>
        </test-method> <!-- putRequest -->
      </class> <!-- Appointment.service.UpdateDoctorUsingEmail -->
    </test> <!-- Default test -->
  </suite> <!-- Default suite -->
</testng-results>
